<?xml version="1.0" encoding="UTF-8"?>
<testsuites>
  <testsuite name="CodeIgniter Application Test Suite" tests="2" assertions="2" failures="0" errors="0" time="0.037002">
    <testsuite name="Welcome_test" file="D:\store\php\wdb\djadmin\application\tests\controllers\Welcome_test.php" tests="2" assertions="2" failures="0" errors="0" time="0.037002">
      <testcase name="test_index" class="Welcome_test" file="D:\store\php\wdb\djadmin\application\tests\controllers\Welcome_test.php" line="13" assertions="1" time="0.036002"/>
      <testcase name="test_APPPATH" class="Welcome_test" file="D:\store\php\wdb\djadmin\application\tests\controllers\Welcome_test.php" line="26" assertions="1" time="0.001000"/>
    </testsuite>
  </testsuite>
</testsuites>
